2025-07-03 09:42:07,582 - main - WARNING - Metrics already registered, reusing existing metrics
2025-07-03 09:42:07,584 - main - INFO - Starting MLOps DistillBERT API...
2025-07-03 09:42:07,584 - src.api.utils - WARNING - Config file config/model_config.yaml not found, using defaults
2025-07-03 09:42:07,585 - src.api.utils - INFO - Loading DistillBERT model version v1.0.0...
2025-07-03 09:42:08,798 - huggingface_hub.file_download - WARNING - Xet Storage is enabled for this repo, but the 'hf_xet' package is not installed. Falling back to regular HTTP download. For better performance, install the package with: `pip install huggingface_hub[hf_xet]` or `pip install hf_xet`
2025-07-03 09:42:43,137 - src.api.utils - INFO - Model loaded successfully in 35.55 seconds
2025-07-03 09:42:43,139 - main - WARNING - Custom metrics module not available
2025-07-03 09:42:43,139 - main - INFO - API startup complete
2025-07-03 09:45:30,265 - main - INFO - Shutting down API...
2025-07-03 09:46:32,841 - main - WARNING - Metrics already registered, reusing existing metrics
2025-07-03 09:46:32,843 - main - INFO - Starting MLOps DistillBERT API...
2025-07-03 09:46:32,843 - src.api.utils - WARNING - Config file config/model_config.yaml not found, using defaults
2025-07-03 09:46:32,843 - src.api.utils - INFO - Loading DistillBERT model version v1.0.0...
2025-07-03 09:46:34,882 - src.api.utils - INFO - Model loaded successfully in 2.04 seconds
2025-07-03 09:46:34,882 - main - WARNING - Custom metrics module not available
2025-07-03 09:46:34,882 - main - INFO - API startup complete
2025-07-03 16:07:18,135 - main - INFO - Shutting down API...
2025-07-03 19:26:45,972 - main - WARNING - Metrics already registered, reusing existing metrics
2025-07-03 19:26:45,975 - main - INFO - Starting MLOps DistillBERT API...
2025-07-03 19:26:45,975 - src.api.utils - WARNING - Config file config/model_config.yaml not found, using defaults
2025-07-03 19:26:45,976 - src.api.utils - INFO - Loading DistillBERT model version v1.0.0...
2025-07-03 19:26:48,287 - src.api.utils - INFO - Model loaded successfully in 2.31 seconds
2025-07-03 19:26:48,288 - main - WARNING - Custom metrics module not available
2025-07-03 19:26:48,288 - main - INFO - API startup complete
2025-07-04 00:00:34,761 - main - INFO - Shutting down API...
2025-07-04 00:04:56,026 - main - WARNING - Metrics already registered, reusing existing metrics
2025-07-04 00:04:56,028 - main - INFO - Starting MLOps DistillBERT API...
2025-07-04 00:04:56,028 - src.api.utils - WARNING - Config file config/model_config.yaml not found, using defaults
2025-07-04 00:04:56,028 - src.api.utils - INFO - Loading DistillBERT model version v1.0.0...
2025-07-04 00:04:58,276 - src.api.utils - INFO - Model loaded successfully in 2.25 seconds
2025-07-04 00:04:58,277 - main - WARNING - Custom metrics module not available
2025-07-04 00:04:58,277 - main - INFO - API startup complete
